<?xml version="1.0" encoding="UTF-8"?>
<!-- Generated by org.testng.reporters.JUnitXMLReporter -->
<testsuite hostname="MSHOME" name="Default test" tests="3" failures="0" timestamp="23 Jul 2015 17:49:23 GMT" time="24.869" errors="0">
  <testcase name="testGroupCreationWithValidData" time="6.612" classname="com.example.tests.GroupCreationTest"/>
  <testcase name="testGroupCreationWithValidData" time="2.23" classname="com.example.tests.GroupCreationTest"/>
  <testcase name="testGroupCreationWithValidData" time="2.12" classname="com.example.tests.GroupCreationTest"/>
</testsuite> <!-- Default test -->
