<?xml version="1.0" encoding="UTF-8"?>
<!-- Generated by org.testng.reporters.JUnitXMLReporter -->
<testsuite hostname="MSHOME" name="Default test" tests="5" failures="0" timestamp="16 Jul 2015 17:06:34 GMT" time="31.126" errors="0">
  <testcase name="testGroupCreationWithValidData" time="5.223" classname="com.example.tests.GroupCreationTest"/>
  <testcase name="testGroupCreationWithValidData" time="3.225" classname="com.example.tests.GroupCreationTest"/>
  <testcase name="testGroupCreationWithValidData" time="3.215" classname="com.example.tests.GroupCreationTest"/>
  <testcase name="testGroupCreationWithValidData" time="3.099" classname="com.example.tests.GroupCreationTest"/>
  <testcase name="testGroupCreationWithValidData" time="3.605" classname="com.example.tests.GroupCreationTest"/>
</testsuite> <!-- Default test -->
