<?xml version="1.0" encoding="UTF-8"?>
<testng-results skipped="0" failed="0" total="3" passed="3">
  <reporter-output>
  </reporter-output>
  <suite name="Default suite" duration-ms="24869" started-at="2015-07-23T17:48:59Z" finished-at="2015-07-23T17:49:23Z">
    <groups>
    </groups>
    <test name="Default test" duration-ms="24869" started-at="2015-07-23T17:48:59Z" finished-at="2015-07-23T17:49:23Z">
      <class name="com.example.tests.GroupCreationTest">
        <test-method status="PASS" signature="setUp()[pri:0, instance:com.example.tests.GroupCreationTest@d455b8]" name="setUp" is-config="true" duration-ms="11845" started-at="2015-07-23T20:48:59Z" finished-at="2015-07-23T20:49:10Z">
          <reporter-output>
          </reporter-output>
        </test-method> <!-- setUp -->
        <test-method status="PASS" signature="testGroupCreationWithValidData(com.example.tests.GroupData)[pri:0, instance:com.example.tests.GroupCreationTest@d455b8]" name="testGroupCreationWithValidData" duration-ms="6612" started-at="2015-07-23T20:49:10Z" data-provider="groupsFromFile" finished-at="2015-07-23T20:49:17Z">
          <params>
            <param index="0">
              <value>
                <![CDATA[GroupData [name=test1642629143, header=test1243951870, footer=test1173824966]]]>
              </value>
            </param>
          </params>
          <reporter-output>
          </reporter-output>
        </test-method> <!-- testGroupCreationWithValidData -->
        <test-method status="PASS" signature="testGroupCreationWithValidData(com.example.tests.GroupData)[pri:0, instance:com.example.tests.GroupCreationTest@d455b8]" name="testGroupCreationWithValidData" duration-ms="2230" started-at="2015-07-23T20:49:17Z" data-provider="groupsFromFile" finished-at="2015-07-23T20:49:19Z">
          <params>
            <param index="0">
              <value>
                <![CDATA[GroupData [name=, header=test-145416460, footer=]]]>
              </value>
            </param>
          </params>
          <reporter-output>
          </reporter-output>
        </test-method> <!-- testGroupCreationWithValidData -->
        <test-method status="PASS" signature="testGroupCreationWithValidData(com.example.tests.GroupData)[pri:0, instance:com.example.tests.GroupCreationTest@d455b8]" name="testGroupCreationWithValidData" duration-ms="2120" started-at="2015-07-23T20:49:19Z" data-provider="groupsFromFile" finished-at="2015-07-23T20:49:21Z">
          <params>
            <param index="0">
              <value>
                <![CDATA[GroupData [name=, header=, footer=test-1063341791]]]>
              </value>
            </param>
          </params>
          <reporter-output>
          </reporter-output>
        </test-method> <!-- testGroupCreationWithValidData -->
        <test-method status="PASS" signature="tearDown()[pri:0, instance:com.example.tests.GroupCreationTest@d455b8]" name="tearDown" is-config="true" duration-ms="1982" started-at="2015-07-23T20:49:21Z" finished-at="2015-07-23T20:49:23Z">
          <reporter-output>
          </reporter-output>
        </test-method> <!-- tearDown -->
      </class> <!-- com.example.tests.GroupCreationTest -->
    </test> <!-- Default test -->
  </suite> <!-- Default suite -->
</testng-results>
