<?xml version="1.0" encoding="UTF-8"?>
<testng-results skipped="0" failed="0" total="1" passed="1">
  <reporter-output>
  </reporter-output>
  <suite name="Default suite" duration-ms="70834" started-at="2015-07-18T17:59:27Z" finished-at="2015-07-18T18:00:38Z">
    <groups>
    </groups>
    <test name="Default test" duration-ms="70834" started-at="2015-07-18T17:59:27Z" finished-at="2015-07-18T18:00:38Z">
      <class name="com.example.tests.GroupRemovalTest">
        <test-method status="PASS" signature="setUp()[pri:0, instance:com.example.tests.GroupRemovalTest@d455b8]" name="setUp" is-config="true" duration-ms="47889" started-at="2015-07-18T20:59:27Z" finished-at="2015-07-18T21:00:15Z">
          <reporter-output>
          </reporter-output>
        </test-method> <!-- setUp -->
        <test-method status="PASS" signature="deleteSomeGroup()[pri:0, instance:com.example.tests.GroupRemovalTest@d455b8]" name="deleteSomeGroup" duration-ms="7220" started-at="2015-07-18T21:00:16Z" finished-at="2015-07-18T21:00:23Z">
          <reporter-output>
          </reporter-output>
        </test-method> <!-- deleteSomeGroup -->
        <test-method status="PASS" signature="tearDown()[pri:0, instance:com.example.tests.GroupRemovalTest@d455b8]" name="tearDown" is-config="true" duration-ms="15225" started-at="2015-07-18T21:00:23Z" finished-at="2015-07-18T21:00:38Z">
          <reporter-output>
          </reporter-output>
        </test-method> <!-- tearDown -->
      </class> <!-- com.example.tests.GroupRemovalTest -->
    </test> <!-- Default test -->
  </suite> <!-- Default suite -->
</testng-results>
